<?xml version="1.0" encoding="UTF-8"?>
<!-- Generated by org.testng.reporters.JUnitReportReporter -->
<testsuite hostname="Dhivya" failures="0" tests="1" name="testCaseRepo.TC_006" time="31.575" errors="0" timestamp="2025-03-22T09:42:13 IST" skipped="0">
  <testcase classname="testCaseRepo.TC_006" name="CON_003" time="31.575">
    <system-out>
      <![CDATA[CON_003On Test Start excuted
CON_003On Test Success excuted]]>
    </system-out>
  </testcase> <!-- CON_003 -->
  <system-out>
    <![CDATA[LE_001On Test Start excuted
CON_003On Test Start excuted
LE_003On Test Start excuted
LE_002On Test Start excuted
LE_001On Test Failure excuted
LE_002On Test Success excuted
LE_003On Test Success excuted
CON_003On Test Success excuted
CON_002On Test Start excuted
CON_001On Test Start excuted
CON_002On Test Success excuted
CON_001On Test Success excuted]]>
  </system-out>
</testsuite> <!-- testCaseRepo.TC_006 -->
