<?xml version="1.0" encoding="UTF-8"?>
<!-- Generated by org.testng.reporters.JUnitReportReporter -->
<testsuite hostname="Dhivya" failures="0" tests="3" name="sample.TestNGPractice" time="0.018" errors="0" timestamp="2025-03-19T09:04:47 IST" skipped="0">
  <testcase classname="sample.TestNGPractice" name="createUser" time="0.013"/>
  <testcase classname="sample.TestNGPractice" name="modifyUser" time="0.002"/>
  <testcase classname="sample.TestNGPractice" name="deleteUser" time="0.003"/>
</testsuite> <!-- sample.TestNGPractice -->
