<?xml version="1.0" encoding="UTF-8"?>
<!-- Generated by org.testng.reporters.JUnitReportReporter -->
<testsuite hostname="Dhivya" failures="0" tests="1" name="testCaseRepo.TC_003" time="20.428" errors="0" timestamp="2025-04-02T09:28:14 IST" skipped="0">
  <testcase classname="testCaseRepo.TC_003" name="LE_003" time="20.428"/>
</testsuite> <!-- testCaseRepo.TC_003 -->
